  autofit.c
  ftbase.c
  ftbbox.c
  ftbdf.c
  ftbitmap.c
  ftcid.c
  ftfstype.c
  ftgasp.c
  ftglyph.c
  ftgxval.c
  ftinit.c
  ftmm.c
  ftotval.c
  ftpatent.c
  ftpfr.c
  ftstroke.c
D:\WorkSpace\LitchiEngineGit\LitchiEngineGithub\LitchiEngine\Engine\ThridParty\freetype\src\autofit\afblue.c(1,1): warning C4819: 该文件包含不能在当前代码页(936)中表示的字符。请将该文件保存为 Unicode 格式以防止数据丢失 (编译源文件 ..\..\..\src\autofit\autofit.c)
D:\WorkSpace\LitchiEngineGit\LitchiEngineGithub\LitchiEngine\Engine\ThridParty\freetype\src\autofit\afscript.h(1,1): warning C4819: 该文件包含不能在当前代码页(936)中表示的字符。请将该文件保存为 Unicode 格式以防止数据丢失 (编译源文件 ..\..\..\src\autofit\autofit.c)
D:\WorkSpace\LitchiEngineGit\LitchiEngineGithub\LitchiEngine\Engine\ThridParty\freetype\src\autofit\afblue.c(257,1): warning C4819: 该文件包含不能在当前代码页(936)中表示的字符。请将该文件保存为 Unicode 格式以防止数据丢失 (编译源文件 ..\..\..\src\autofit\autofit.c)
D:\WorkSpace\LitchiEngineGit\LitchiEngineGithub\LitchiEngine\Engine\ThridParty\freetype\src\autofit\afscript.h(1,1): warning C4819: 该文件包含不能在当前代码页(936)中表示的字符。请将该文件保存为 Unicode 格式以防止数据丢失 (编译源文件 ..\..\..\src\autofit\autofit.c)
D:\WorkSpace\LitchiEngineGit\LitchiEngineGithub\LitchiEngine\Engine\ThridParty\freetype\src\autofit\afscript.h(1,1): warning C4819: 该文件包含不能在当前代码页(936)中表示的字符。请将该文件保存为 Unicode 格式以防止数据丢失 (编译源文件 ..\..\..\src\autofit\autofit.c)
D:\WorkSpace\LitchiEngineGit\LitchiEngineGithub\LitchiEngine\Engine\ThridParty\freetype\src\autofit\afscript.h(1,1): warning C4819: 该文件包含不能在当前代码页(936)中表示的字符。请将该文件保存为 Unicode 格式以防止数据丢失 (编译源文件 ..\..\..\src\autofit\autofit.c)
D:\WorkSpace\LitchiEngineGit\LitchiEngineGithub\LitchiEngine\Engine\ThridParty\freetype\src\autofit\afscript.h(1,1): warning C4819: 该文件包含不能在当前代码页(936)中表示的字符。请将该文件保存为 Unicode 格式以防止数据丢失 (编译源文件 ..\..\..\src\autofit\autofit.c)
D:\WorkSpace\LitchiEngineGit\LitchiEngineGithub\LitchiEngine\Engine\ThridParty\freetype\src\autofit\afscript.h(1,1): warning C4819: 该文件包含不能在当前代码页(936)中表示的字符。请将该文件保存为 Unicode 格式以防止数据丢失 (编译源文件 ..\..\..\src\autofit\autofit.c)
  ftsynth.c
  fttype1.c
  ftwinfnt.c
  bdf.c
  ftcache.c
  cff.c
  type1cid.c
  dlgwrap.c
  ftgzip.c
  ftlzw.c
  pcf.c
  pfr.c
  psaux.c
  pshinter.c
  psmodule.c
  raster.c
D:\WorkSpace\LitchiEngineGit\LitchiEngineGithub\LitchiEngine\Engine\ThridParty\freetype\src\dlg\dlg.c(10,1): warning C4005: “_CRT_SECURE_NO_WARNINGS”: 宏重定义 (编译源文件 ..\..\..\src\dlg\dlgwrap.c)
D:\WorkSpace\LitchiEngineGit\LitchiEngineGithub\LitchiEngine\Engine\ThridParty\freetype\src\dlg\dlgwrap.c : message : 参见“_CRT_SECURE_NO_WARNINGS”的前一个定义
D:\WorkSpace\LitchiEngineGit\LitchiEngineGithub\LitchiEngine\Engine\ThridParty\freetype\src\dlg\dlg.c(20,38): warning C4273: “dlg_reset_sequence”: dll 链接不一致 (编译源文件 ..\..\..\src\dlg\dlgwrap.c)
D:\WorkSpace\LitchiEngineGit\LitchiEngineGithub\LitchiEngine\Engine\ThridParty\freetype\include\dlg\output.h(156,34): message : 参见“dlg_reset_sequence”的前一个定义 (编译源文件 ..\..\..\src\dlg\dlgwrap.c)
D:\WorkSpace\LitchiEngineGit\LitchiEngineGithub\LitchiEngine\Engine\ThridParty\freetype\src\dlg\dlg.c(21,52): warning C4273: “dlg_default_output_styles”: dll 链接不一致 (编译源文件 ..\..\..\src\dlg\dlgwrap.c)
D:\WorkSpace\LitchiEngineGit\LitchiEngineGithub\LitchiEngine\Engine\ThridParty\freetype\include\dlg\output.h(90,39): message : 参见“dlg_default_output_styles”的前一个定义 (编译源文件 ..\..\..\src\dlg\dlgwrap.c)
D:\WorkSpace\LitchiEngineGit\LitchiEngineGithub\LitchiEngine\Engine\ThridParty\freetype\src\dlg\dlg.c(54,50): warning C4232: 使用了非标准扩展:“g_handler”: dllimport“dlg_default_output”的地址是非静态，不保证标识 (编译源文件 ..\..\..\src\dlg\dlgwrap.c)
D:\WorkSpace\LitchiEngineGit\LitchiEngineGithub\LitchiEngine\Engine\ThridParty\freetype\include\dlg\dlg.h(231): message : 参见“dlg_default_output”的声明 (编译源文件 ..\..\..\src\dlg\dlgwrap.c)
  sfnt.c
  smooth.c
  sdf.c
  truetype.c
  type1.c
  type42.c
  winfnt.c
  ftdebug.c
  ftsystem.c
D:\WorkSpace\LitchiEngineGit\LitchiEngineGithub\LitchiEngine\Engine\ThridParty\freetype\src\dlg\dlg.c(163,32): warning C4273: “dlg_is_tty”: dll 链接不一致 (编译源文件 ..\..\..\src\dlg\dlgwrap.c)
D:\WorkSpace\LitchiEngineGit\LitchiEngineGithub\LitchiEngine\Engine\ThridParty\freetype\include\dlg\output.h(147,14): message : 参见“dlg_is_tty”的前一个定义 (编译源文件 ..\..\..\src\dlg\dlgwrap.c)
D:\WorkSpace\LitchiEngineGit\LitchiEngineGithub\LitchiEngine\Engine\ThridParty\freetype\src\dlg\dlg.c(216,64): warning C4273: “dlg_escape_sequence”: dll 链接不一致 (编译源文件 ..\..\..\src\dlg\dlgwrap.c)
D:\WorkSpace\LitchiEngineGit\LitchiEngineGithub\LitchiEngine\Engine\ThridParty\freetype\include\dlg\output.h(153,14): message : 参见“dlg_escape_sequence”的前一个定义 (编译源文件 ..\..\..\src\dlg\dlgwrap.c)
D:\WorkSpace\LitchiEngineGit\LitchiEngineGithub\LitchiEngine\Engine\ThridParty\freetype\src\dlg\dlg.c(240,66): warning C4273: “dlg_vfprintf”: dll 链接不一致 (编译源文件 ..\..\..\src\dlg\dlgwrap.c)
D:\WorkSpace\LitchiEngineGit\LitchiEngineGithub\LitchiEngine\Engine\ThridParty\freetype\include\dlg\output.h(67,13): message : 参见“dlg_vfprintf”的前一个定义 (编译源文件 ..\..\..\src\dlg\dlgwrap.c)
D:\WorkSpace\LitchiEngineGit\LitchiEngineGithub\LitchiEngine\Engine\ThridParty\freetype\src\dlg\dlg.c(277,56): warning C4273: “dlg_fprintf”: dll 链接不一致 (编译源文件 ..\..\..\src\dlg\dlgwrap.c)
D:\WorkSpace\LitchiEngineGit\LitchiEngineGithub\LitchiEngine\Engine\ThridParty\freetype\include\dlg\output.h(66,13): message : 参见“dlg_fprintf”的前一个定义 (编译源文件 ..\..\..\src\dlg\dlgwrap.c)
D:\WorkSpace\LitchiEngineGit\LitchiEngineGithub\LitchiEngine\Engine\ThridParty\freetype\src\dlg\dlg.c(285,87): warning C4273: “dlg_styled_fprintf”: dll 链接不一致 (编译源文件 ..\..\..\src\dlg\dlgwrap.c)
D:\WorkSpace\LitchiEngineGit\LitchiEngineGithub\LitchiEngine\Engine\ThridParty\freetype\include\dlg\output.h(72,13): message : 参见“dlg_styled_fprintf”的前一个定义 (编译源文件 ..\..\..\src\dlg\dlgwrap.c)
D:\WorkSpace\LitchiEngineGit\LitchiEngineGithub\LitchiEngine\Engine\ThridParty\freetype\src\dlg\dlg.c(300,37): warning C4273: “dlg_generic_output”: dll 链接不一致 (编译源文件 ..\..\..\src\dlg\dlgwrap.c)
D:\WorkSpace\LitchiEngineGit\LitchiEngineGithub\LitchiEngine\Engine\ThridParty\freetype\include\dlg\output.h(99,14): message : 参见“dlg_generic_output”的前一个定义 (编译源文件 ..\..\..\src\dlg\dlgwrap.c)
D:\WorkSpace\LitchiEngineGit\LitchiEngineGithub\LitchiEngine\Engine\ThridParty\freetype\src\dlg\dlg.c(372,37): warning C4273: “dlg_generic_outputf”: dll 链接不一致 (编译源文件 ..\..\..\src\dlg\dlgwrap.c)
D:\WorkSpace\LitchiEngineGit\LitchiEngineGithub\LitchiEngine\Engine\ThridParty\freetype\include\dlg\output.h(116,14): message : 参见“dlg_generic_outputf”的前一个定义 (编译源文件 ..\..\..\src\dlg\dlgwrap.c)
D:\WorkSpace\LitchiEngineGit\LitchiEngineGithub\LitchiEngine\Engine\ThridParty\freetype\src\dlg\dlg.c(483,37): warning C4273: “dlg_generic_output_buf”: dll 链接不一致 (编译源文件 ..\..\..\src\dlg\dlgwrap.c)
D:\WorkSpace\LitchiEngineGit\LitchiEngineGithub\LitchiEngine\Engine\ThridParty\freetype\include\dlg\output.h(137,14): message : 参见“dlg_generic_output_buf”的前一个定义 (编译源文件 ..\..\..\src\dlg\dlgwrap.c)
D:\WorkSpace\LitchiEngineGit\LitchiEngineGithub\LitchiEngine\Engine\ThridParty\freetype\src\dlg\dlg.c(497,37): warning C4273: “dlg_generic_outputf_buf”: dll 链接不一致 (编译源文件 ..\..\..\src\dlg\dlgwrap.c)
D:\WorkSpace\LitchiEngineGit\LitchiEngineGithub\LitchiEngine\Engine\ThridParty\freetype\include\dlg\output.h(140,14): message : 参见“dlg_generic_outputf_buf”的前一个定义 (编译源文件 ..\..\..\src\dlg\dlgwrap.c)
D:\WorkSpace\LitchiEngineGit\LitchiEngineGithub\LitchiEngine\Engine\ThridParty\freetype\src\dlg\dlg.c(518,37): warning C4273: “dlg_generic_output_stream”: dll 链接不一致 (编译源文件 ..\..\..\src\dlg\dlgwrap.c)
D:\WorkSpace\LitchiEngineGit\LitchiEngineGithub\LitchiEngine\Engine\ThridParty\freetype\include\dlg\output.h(126,14): message : 参见“dlg_generic_output_stream”的前一个定义 (编译源文件 ..\..\..\src\dlg\dlgwrap.c)
D:\WorkSpace\LitchiEngineGit\LitchiEngineGithub\LitchiEngine\Engine\ThridParty\freetype\src\dlg\dlg.c(532,55): warning C4273: “dlg_generic_outputf_stream”: dll 链接不一致 (编译源文件 ..\..\..\src\dlg\dlgwrap.c)
D:\WorkSpace\LitchiEngineGit\LitchiEngineGithub\LitchiEngine\Engine\ThridParty\freetype\include\dlg\output.h(129,14): message : 参见“dlg_generic_outputf_stream”的前一个定义 (编译源文件 ..\..\..\src\dlg\dlgwrap.c)
D:\WorkSpace\LitchiEngineGit\LitchiEngineGithub\LitchiEngine\Engine\ThridParty\freetype\src\dlg\dlg.c(544,90): warning C4273: “dlg_default_output”: dll 链接不一致 (编译源文件 ..\..\..\src\dlg\dlgwrap.c)
D:\WorkSpace\LitchiEngineGit\LitchiEngineGithub\LitchiEngine\Engine\ThridParty\freetype\include\dlg\dlg.h(231,15): message : 参见“dlg_default_output”的前一个定义 (编译源文件 ..\..\..\src\dlg\dlgwrap.c)
D:\WorkSpace\LitchiEngineGit\LitchiEngineGithub\LitchiEngine\Engine\ThridParty\freetype\src\dlg\dlg.c(563,30): warning C4273: “dlg_win_init_ansi”: dll 链接不一致 (编译源文件 ..\..\..\src\dlg\dlgwrap.c)
D:\WorkSpace\LitchiEngineGit\LitchiEngineGithub\LitchiEngine\Engine\ThridParty\freetype\include\dlg\output.h(166,14): message : 参见“dlg_win_init_ansi”的前一个定义 (编译源文件 ..\..\..\src\dlg\dlgwrap.c)
D:\WorkSpace\LitchiEngineGit\LitchiEngineGithub\LitchiEngine\Engine\ThridParty\freetype\src\dlg\dlg.c(652,53): warning C4273: “dlg_add_tag”: dll 链接不一致 (编译源文件 ..\..\..\src\dlg\dlgwrap.c)
D:\WorkSpace\LitchiEngineGit\LitchiEngineGithub\LitchiEngine\Engine\ThridParty\freetype\include\dlg\dlg.h(232,15): message : 参见“dlg_add_tag”的前一个定义 (编译源文件 ..\..\..\src\dlg\dlgwrap.c)
D:\WorkSpace\LitchiEngineGit\LitchiEngineGithub\LitchiEngine\Engine\ThridParty\freetype\src\dlg\dlg.c(660,56): warning C4273: “dlg_remove_tag”: dll 链接不一致 (编译源文件 ..\..\..\src\dlg\dlgwrap.c)
D:\WorkSpace\LitchiEngineGit\LitchiEngineGithub\LitchiEngine\Engine\ThridParty\freetype\include\dlg\dlg.h(233,15): message : 参见“dlg_remove_tag”的前一个定义 (编译源文件 ..\..\..\src\dlg\dlgwrap.c)
D:\WorkSpace\LitchiEngineGit\LitchiEngineGithub\LitchiEngine\Engine\ThridParty\freetype\src\dlg\dlg.c(672,41): warning C4273: “dlg_thread_buffer”: dll 链接不一致 (编译源文件 ..\..\..\src\dlg\dlgwrap.c)
D:\WorkSpace\LitchiEngineGit\LitchiEngineGithub\LitchiEngine\Engine\ThridParty\freetype\include\dlg\dlg.h(234,17): message : 参见“dlg_thread_buffer”的前一个定义 (编译源文件 ..\..\..\src\dlg\dlgwrap.c)
D:\WorkSpace\LitchiEngineGit\LitchiEngineGithub\LitchiEngine\Engine\ThridParty\freetype\src\dlg\dlg.c(680,55): warning C4273: “dlg_set_handler”: dll 链接不一致 (编译源文件 ..\..\..\src\dlg\dlgwrap.c)
D:\WorkSpace\LitchiEngineGit\LitchiEngineGithub\LitchiEngine\Engine\ThridParty\freetype\include\dlg\dlg.h(229,15): message : 参见“dlg_set_handler”的前一个定义 (编译源文件 ..\..\..\src\dlg\dlgwrap.c)
D:\WorkSpace\LitchiEngineGit\LitchiEngineGithub\LitchiEngine\Engine\ThridParty\freetype\src\dlg\dlg.c(685,42): warning C4273: “dlg_get_handler”: dll 链接不一致 (编译源文件 ..\..\..\src\dlg\dlgwrap.c)
D:\WorkSpace\LitchiEngineGit\LitchiEngineGithub\LitchiEngine\Engine\ThridParty\freetype\include\dlg\dlg.h(230,22): message : 参见“dlg_get_handler”的前一个定义 (编译源文件 ..\..\..\src\dlg\dlgwrap.c)
D:\WorkSpace\LitchiEngineGit\LitchiEngineGithub\LitchiEngine\Engine\ThridParty\freetype\src\dlg\dlg.c(690,54): warning C4273: “dlg__printf_format”: dll 链接不一致 (编译源文件 ..\..\..\src\dlg\dlgwrap.c)
D:\WorkSpace\LitchiEngineGit\LitchiEngineGithub\LitchiEngine\Engine\ThridParty\freetype\include\dlg\dlg.h(238,22): message : 参见“dlg__printf_format”的前一个定义 (编译源文件 ..\..\..\src\dlg\dlgwrap.c)
D:\WorkSpace\LitchiEngineGit\LitchiEngineGithub\LitchiEngine\Engine\ThridParty\freetype\src\dlg\dlg.c(720,59): warning C4273: “dlg__do_log”: dll 链接不一致 (编译源文件 ..\..\..\src\dlg\dlgwrap.c)
D:\WorkSpace\LitchiEngineGit\LitchiEngineGithub\LitchiEngine\Engine\ThridParty\freetype\include\dlg\dlg.h(239,15): message : 参见“dlg__do_log”的前一个定义 (编译源文件 ..\..\..\src\dlg\dlgwrap.c)
D:\WorkSpace\LitchiEngineGit\LitchiEngineGithub\LitchiEngine\Engine\ThridParty\freetype\src\dlg\dlg.c(773,70): warning C4273: “dlg__strip_root_path”: dll 链接不一致 (编译源文件 ..\..\..\src\dlg\dlgwrap.c)
D:\WorkSpace\LitchiEngineGit\LitchiEngineGithub\LitchiEngine\Engine\ThridParty\freetype\include\dlg\dlg.h(241,22): message : 参见“dlg__strip_root_path”的前一个定义 (编译源文件 ..\..\..\src\dlg\dlgwrap.c)
D:\WorkSpace\LitchiEngineGit\LitchiEngineGithub\LitchiEngine\Engine\ThridParty\freetype\src\sdf\ftsdf.c(2480): warning C4701: 使用了可能未初始化的局部变量“nearest_point”
D:\WorkSpace\LitchiEngineGit\LitchiEngineGithub\LitchiEngine\Engine\ThridParty\freetype\src\sdf\ftsdf.c(2806): warning C4701: 使用了可能未初始化的局部变量“nearest_point”
D:\WorkSpace\LitchiEngineGit\LitchiEngineGithub\LitchiEngine\Engine\ThridParty\freetype\src\sdf\ftsdf.c(867): warning C4701: 使用了可能未初始化的局部变量“cbox”
D:\WorkSpace\LitchiEngineGit\LitchiEngineGithub\LitchiEngine\Engine\ThridParty\freetype\src\sfnt\ttload.c(1,1): warning C4819: 该文件包含不能在当前代码页(936)中表示的字符。请将该文件保存为 Unicode 格式以防止数据丢失 (编译源文件 ..\..\..\src\sfnt\sfnt.c)
D:\WorkSpace\LitchiEngineGit\LitchiEngineGithub\LitchiEngine\Engine\ThridParty\freetype\src\truetype\ttobjs.c(1025,1): warning C4819: 该文件包含不能在当前代码页(936)中表示的字符。请将该文件保存为 Unicode 格式以防止数据丢失 (编译源文件 ..\..\..\src\truetype\truetype.c)
    正在创建库 ..\..\..\objs\Win32\Debug\freetype.lib 和对象 ..\..\..\objs\Win32\Debug\freetype.exp
LINK : warning LNK4217: 符号“_dlg__printf_format”(在“ dlgwrap.obj”中定义)已由“type42.obj”(函数“_t42_glyphslot_clear”中)导入
LINK : warning LNK4286: 符号“_dlg__printf_format”(在“dlgwrap.obj”中定义)已由“winfnt.obj”导入
LINK : warning LNK4286: 符号“_dlg__printf_format”(在“dlgwrap.obj”中定义)已由“ftsystem.obj”导入
LINK : warning LNK4286: 符号“_dlg__printf_format”(在“dlgwrap.obj”中定义)已由“smooth.obj”导入
LINK : warning LNK4217: 符号“_dlg__printf_format”(在“ dlgwrap.obj”中定义)已由“sdf.obj”(函数“_finalize_sdf”中)导入
LINK : warning LNK4286: 符号“_dlg__printf_format”(在“dlgwrap.obj”中定义)已由“truetype.obj”导入
LINK : warning LNK4286: 符号“_dlg__printf_format”(在“dlgwrap.obj”中定义)已由“type1.obj”导入
LINK : warning LNK4286: 符号“_dlg__printf_format”(在“dlgwrap.obj”中定义)已由“psaux.obj”导入
LINK : warning LNK4286: 符号“_dlg__printf_format”(在“dlgwrap.obj”中定义)已由“pshinter.obj”导入
LINK : warning LNK4286: 符号“_dlg__printf_format”(在“dlgwrap.obj”中定义)已由“raster.obj”导入
LINK : warning LNK4286: 符号“_dlg__printf_format”(在“dlgwrap.obj”中定义)已由“sfnt.obj”导入
LINK : warning LNK4286: 符号“_dlg__printf_format”(在“dlgwrap.obj”中定义)已由“cff.obj”导入
LINK : warning LNK4217: 符号“_dlg__printf_format”(在“ dlgwrap.obj”中定义)已由“type1cid.obj”(函数“_cid_face_open”中)导入
LINK : warning LNK4217: 符号“_dlg__printf_format”(在“ dlgwrap.obj”中定义)已由“pcf.obj”(函数“_pcf_get_metrics”中)导入
LINK : warning LNK4217: 符号“_dlg__printf_format”(在“ dlgwrap.obj”中定义)已由“pfr.obj”(函数“_pfr_log_font_load”中)导入
LINK : warning LNK4286: 符号“_dlg__printf_format”(在“dlgwrap.obj”中定义)已由“ftinit.obj”导入
LINK : warning LNK4286: 符号“_dlg__printf_format”(在“dlgwrap.obj”中定义)已由“ftsynth.obj”导入
LINK : warning LNK4217: 符号“_dlg__printf_format”(在“ dlgwrap.obj”中定义)已由“bdf.obj”(函数“__bdf_parse_glyphs”中)导入
LINK : warning LNK4286: 符号“_dlg__printf_format”(在“dlgwrap.obj”中定义)已由“ftcache.obj”导入
LINK : warning LNK4217: 符号“_dlg__printf_format”(在“ dlgwrap.obj”中定义)已由“autofit.obj”(函数“_af_latin_metrics_init_widths”中)导入
LINK : warning LNK4286: 符号“_dlg__printf_format”(在“dlgwrap.obj”中定义)已由“ftbase.obj”导入
LINK : warning LNK4286: 符号“_dlg__printf_format”(在“dlgwrap.obj”中定义)已由“ftbitmap.obj”导入
LINK : warning LNK4286: 符号“_dlg__printf_format”(在“dlgwrap.obj”中定义)已由“ftglyph.obj”导入
LINK : warning LNK4217: 符号“_dlg__do_log”(在“ dlgwrap.obj”中定义)已由“type42.obj”(函数“_t42_glyphslot_clear”中)导入
LINK : warning LNK4286: 符号“_dlg__do_log”(在“dlgwrap.obj”中定义)已由“winfnt.obj”导入
LINK : warning LNK4286: 符号“_dlg__do_log”(在“dlgwrap.obj”中定义)已由“ftsystem.obj”导入
LINK : warning LNK4286: 符号“_dlg__do_log”(在“dlgwrap.obj”中定义)已由“smooth.obj”导入
LINK : warning LNK4217: 符号“_dlg__do_log”(在“ dlgwrap.obj”中定义)已由“sdf.obj”(函数“_finalize_sdf”中)导入
LINK : warning LNK4286: 符号“_dlg__do_log”(在“dlgwrap.obj”中定义)已由“truetype.obj”导入
LINK : warning LNK4286: 符号“_dlg__do_log”(在“dlgwrap.obj”中定义)已由“type1.obj”导入
LINK : warning LNK4286: 符号“_dlg__do_log”(在“dlgwrap.obj”中定义)已由“psaux.obj”导入
LINK : warning LNK4286: 符号“_dlg__do_log”(在“dlgwrap.obj”中定义)已由“pshinter.obj”导入
LINK : warning LNK4286: 符号“_dlg__do_log”(在“dlgwrap.obj”中定义)已由“raster.obj”导入
LINK : warning LNK4286: 符号“_dlg__do_log”(在“dlgwrap.obj”中定义)已由“sfnt.obj”导入
LINK : warning LNK4286: 符号“_dlg__do_log”(在“dlgwrap.obj”中定义)已由“cff.obj”导入
LINK : warning LNK4217: 符号“_dlg__do_log”(在“ dlgwrap.obj”中定义)已由“type1cid.obj”(函数“_cid_face_open”中)导入
LINK : warning LNK4217: 符号“_dlg__do_log”(在“ dlgwrap.obj”中定义)已由“pcf.obj”(函数“_pcf_get_metrics”中)导入
LINK : warning LNK4217: 符号“_dlg__do_log”(在“ dlgwrap.obj”中定义)已由“pfr.obj”(函数“_pfr_glyph_load_rec”中)导入
LINK : warning LNK4286: 符号“_dlg__do_log”(在“dlgwrap.obj”中定义)已由“ftinit.obj”导入
LINK : warning LNK4286: 符号“_dlg__do_log”(在“dlgwrap.obj”中定义)已由“ftsynth.obj”导入
LINK : warning LNK4217: 符号“_dlg__do_log”(在“ dlgwrap.obj”中定义)已由“bdf.obj”(函数“__bdf_parse_glyphs”中)导入
LINK : warning LNK4286: 符号“_dlg__do_log”(在“dlgwrap.obj”中定义)已由“ftcache.obj”导入
LINK : warning LNK4217: 符号“_dlg__do_log”(在“ dlgwrap.obj”中定义)已由“autofit.obj”(函数“_af_latin_metrics_init_widths”中)导入
LINK : warning LNK4286: 符号“_dlg__do_log”(在“dlgwrap.obj”中定义)已由“ftbase.obj”导入
LINK : warning LNK4286: 符号“_dlg__do_log”(在“dlgwrap.obj”中定义)已由“ftbitmap.obj”导入
LINK : warning LNK4286: 符号“_dlg__do_log”(在“dlgwrap.obj”中定义)已由“ftglyph.obj”导入
LINK : warning LNK4217: 符号“_dlg__strip_root_path”(在“ dlgwrap.obj”中定义)已由“type42.obj”(函数“_t42_glyphslot_clear”中)导入
LINK : warning LNK4286: 符号“_dlg__strip_root_path”(在“dlgwrap.obj”中定义)已由“winfnt.obj”导入
LINK : warning LNK4286: 符号“_dlg__strip_root_path”(在“dlgwrap.obj”中定义)已由“ftsystem.obj”导入
LINK : warning LNK4286: 符号“_dlg__strip_root_path”(在“dlgwrap.obj”中定义)已由“smooth.obj”导入
LINK : warning LNK4217: 符号“_dlg__strip_root_path”(在“ dlgwrap.obj”中定义)已由“sdf.obj”(函数“_finalize_sdf”中)导入
LINK : warning LNK4286: 符号“_dlg__strip_root_path”(在“dlgwrap.obj”中定义)已由“truetype.obj”导入
LINK : warning LNK4286: 符号“_dlg__strip_root_path”(在“dlgwrap.obj”中定义)已由“type1.obj”导入
LINK : warning LNK4286: 符号“_dlg__strip_root_path”(在“dlgwrap.obj”中定义)已由“psaux.obj”导入
LINK : warning LNK4286: 符号“_dlg__strip_root_path”(在“dlgwrap.obj”中定义)已由“pshinter.obj”导入
LINK : warning LNK4286: 符号“_dlg__strip_root_path”(在“dlgwrap.obj”中定义)已由“raster.obj”导入
LINK : warning LNK4286: 符号“_dlg__strip_root_path”(在“dlgwrap.obj”中定义)已由“sfnt.obj”导入
LINK : warning LNK4286: 符号“_dlg__strip_root_path”(在“dlgwrap.obj”中定义)已由“cff.obj”导入
LINK : warning LNK4217: 符号“_dlg__strip_root_path”(在“ dlgwrap.obj”中定义)已由“type1cid.obj”(函数“_cid_face_open”中)导入
LINK : warning LNK4217: 符号“_dlg__strip_root_path”(在“ dlgwrap.obj”中定义)已由“pcf.obj”(函数“_pcf_get_metrics”中)导入
LINK : warning LNK4217: 符号“_dlg__strip_root_path”(在“ dlgwrap.obj”中定义)已由“pfr.obj”(函数“_pfr_glyph_load_rec”中)导入
LINK : warning LNK4286: 符号“_dlg__strip_root_path”(在“dlgwrap.obj”中定义)已由“ftinit.obj”导入
LINK : warning LNK4286: 符号“_dlg__strip_root_path”(在“dlgwrap.obj”中定义)已由“ftsynth.obj”导入
LINK : warning LNK4217: 符号“_dlg__strip_root_path”(在“ dlgwrap.obj”中定义)已由“bdf.obj”(函数“__bdf_parse_glyphs”中)导入
LINK : warning LNK4286: 符号“_dlg__strip_root_path”(在“dlgwrap.obj”中定义)已由“ftcache.obj”导入
LINK : warning LNK4217: 符号“_dlg__strip_root_path”(在“ dlgwrap.obj”中定义)已由“autofit.obj”(函数“_af_latin_metrics_init_widths”中)导入
LINK : warning LNK4286: 符号“_dlg__strip_root_path”(在“dlgwrap.obj”中定义)已由“ftbase.obj”导入
LINK : warning LNK4286: 符号“_dlg__strip_root_path”(在“dlgwrap.obj”中定义)已由“ftbitmap.obj”导入
LINK : warning LNK4286: 符号“_dlg__strip_root_path”(在“dlgwrap.obj”中定义)已由“ftglyph.obj”导入
LINK : warning LNK4217: 符号“_dlg_set_handler”(在“ dlgwrap.obj”中定义)已由“ftdebug.obj”(函数“_ft_logging_init”中)导入
LINK : warning LNK4217: 符号“_dlg_add_tag”(在“ dlgwrap.obj”中定义)已由“ftdebug.obj”(函数“_ft_add_tag”中)导入
LINK : warning LNK4217: 符号“_dlg_remove_tag”(在“ dlgwrap.obj”中定义)已由“ftdebug.obj”(函数“_ft_remove_tag”中)导入
LINK : warning LNK4217: 符号“_dlg_generic_outputf_stream”(在“ dlgwrap.obj”中定义)已由“ftdebug.obj”(函数“_ft_log_handler”中)导入
LINK : warning LNK4217: 符号“_dlg_default_output_styles”(在“ dlgwrap.obj”中定义)已由“ftdebug.obj”(函数“_ft_log_handler”中)导入
  freetype.vcxproj -> D:\WorkSpace\LitchiEngineGit\LitchiEngineGithub\LitchiEngine\Engine\ThridParty\freetype\objs\Win32\Debug\freetype.dll
